<?xml version="1.0" encoding="UTF-8"?>
<!-- Generated by org.testng.reporters.JUnitReportReporter -->
<testsuite hostname="DESKTOP-TRHKNLE" failures="0" tests="1" name="rahulshettyacademy.tests.ErrorValidations" time="4.081" errors="0" timestamp="2025-07-16T09:33:59 IST" skipped="0">
  <testcase classname="rahulshettyacademy.tests.ErrorValidations" name="SubmitOrder" time="4.081"/>
</testsuite> <!-- rahulshettyacademy.tests.ErrorValidations -->
