<?xml version="1.0" encoding="UTF-8"?>
<!-- Generated by org.testng.reporters.JUnitReportReporter -->
<testsuite hostname="DESKTOP-TRHKNLE" failures="0" tests="2" name="rahulshettyacademy.tests.SubmitOrderTest" time="14.155" errors="0" timestamp="2025-07-21T16:53:29 IST" skipped="0">
  <testcase classname="rahulshettyacademy.tests.SubmitOrderTest" name="SubmitOrder" time="5.853"/>
  <testcase classname="rahulshettyacademy.tests.SubmitOrderTest" name="SubmitOrder" time="8.302"/>
</testsuite> <!-- rahulshettyacademy.tests.SubmitOrderTest -->
