<?xml version="1.0" encoding="UTF-8"?>
<!-- Generated by org.testng.reporters.JUnitReportReporter -->
<testsuite hostname="DESKTOP-TRHKNLE" failures="0" tests="2" name="rahulshettyacademy.tests.SubmitOrderTest" time="22.194" errors="0" timestamp="2025-07-17T13:02:31 IST" skipped="0">
  <testcase classname="rahulshettyacademy.tests.SubmitOrderTest" name="OrderHistoryTest" time="12.477"/>
  <testcase classname="rahulshettyacademy.tests.SubmitOrderTest" name="SubmitOrder" time="9.717"/>
</testsuite> <!-- rahulshettyacademy.tests.SubmitOrderTest -->
