<?xml version="1.0" encoding="UTF-8"?>
<!-- Generated by org.testng.reporters.JUnitReportReporter -->
<testsuite hostname="DESKTOP-TRHKNLE" failures="0" tests="2" name="rahulshettyacademy.tests.ErrorValidationsTest" time="9.346" errors="0" timestamp="2025-07-25T08:21:16 IST" skipped="0">
  <testcase classname="rahulshettyacademy.tests.ErrorValidationsTest" name="ProductErrorValidation" time="4.509"/>
  <testcase classname="rahulshettyacademy.tests.ErrorValidationsTest" name="LoginErrorValidation" time="4.837"/>
</testsuite> <!-- rahulshettyacademy.tests.ErrorValidationsTest -->
