<?xml version="1.0" encoding="UTF-8"?>
<!-- Generated by org.testng.reporters.JUnitReportReporter -->
<testsuite hostname="DESKTOP-TRHKNLE" failures="0" tests="1" name="cucumber.TestNGTestRunner" time="7.843" errors="0" timestamp="2025-07-26T12:07:59 IST" skipped="0">
  <testcase classname="cucumber.TestNGTestRunner" name="runScenario" time="7.843"/>
</testsuite> <!-- cucumber.TestNGTestRunner -->
