<?xml version="1.0" encoding="UTF-8"?>
<!-- Generated by org.testng.reporters.JUnitReportReporter -->
<testsuite hostname="DESKTOP-TRHKNLE" failures="0" tests="2" name="rahulshettyacademy.tests.SubmitOrderTest" time="14.083" errors="0" timestamp="2025-07-21T18:39:40 IST" skipped="0">
  <testcase classname="rahulshettyacademy.tests.SubmitOrderTest" name="SubmitOrder" time="8.845"/>
  <testcase classname="rahulshettyacademy.tests.SubmitOrderTest" name="SubmitOrder" time="5.238"/>
</testsuite> <!-- rahulshettyacademy.tests.SubmitOrderTest -->
