<?xml version="1.0" encoding="UTF-8"?>
<!-- Generated by org.testng.reporters.JUnitReportReporter -->
<testsuite hostname="DESKTOP-TRHKNLE" failures="0" tests="2" name="rahulshettyacademy.tests.SubmitOrderTest" time="13.847" errors="0" timestamp="2025-07-21T16:25:35 IST" skipped="0">
  <testcase classname="rahulshettyacademy.tests.SubmitOrderTest" name="SubmitOrder" time="6.259"/>
  <testcase classname="rahulshettyacademy.tests.SubmitOrderTest" name="SubmitOrder" time="7.588"/>
</testsuite> <!-- rahulshettyacademy.tests.SubmitOrderTest -->
