<?xml version="1.0" encoding="UTF-8"?>
<!-- Generated by org.testng.reporters.JUnitReportReporter -->
<testsuite hostname="DESKTOP-TRHKNLE" failures="0" tests="1" name="cucumber.TestNGTestRunner" time="8.740" errors="0" timestamp="2025-07-26T12:42:28 IST" skipped="0">
  <testcase classname="cucumber.TestNGTestRunner" name="runScenario" time="8.740"/>
</testsuite> <!-- cucumber.TestNGTestRunner -->
