<?xml version="1.0" encoding="UTF-8"?>
<!-- Generated by org.testng.reporters.JUnitReportReporter -->
<testsuite hostname="DESKTOP-TRHKNLE" failures="0" tests="1" name="rahulshettyacademy.tests.ErrorValidationsTest" time="6.783" errors="0" timestamp="2025-07-17T13:21:49 IST" skipped="0">
  <testcase classname="rahulshettyacademy.tests.ErrorValidationsTest" name="LoginErrorValidation" time="6.783"/>
</testsuite> <!-- rahulshettyacademy.tests.ErrorValidationsTest -->
